<testsuites id="" name="" tests="1" failures="0" skipped="0" errors="0" time="41.299051000000006">
<testsuite name="e2e/tableSorting.spec.ts" timestamp="2026-05-10T12:22:31.632Z" hostname="chromium" tests="1" failures="0" skipped="0" time="40.33" errors="0">
<testcase name="Validate ascending and descending sorting" classname="e2e/tableSorting.spec.ts" time="40.33">
<system-out>
<![CDATA[Original Values: [ [32m'Smith'[39m, [32m'Bach'[39m, [32m'Doe'[39m, [32m'Conway'[39m ]
Expected Ascending: [ [32m'Bach'[39m, [32m'Conway'[39m, [32m'Doe'[39m, [32m'Smith'[39m ]
Actual Ascending: [ [32m'Bach'[39m, [32m'Conway'[39m, [32m'Doe'[39m, [32m'Smith'[39m ]
Expected Descending: [ [32m'Smith'[39m, [32m'Doe'[39m, [32m'Conway'[39m, [32m'Bach'[39m ]
Actual Descending: [ [32m'Smith'[39m, [32m'Doe'[39m, [32m'Conway'[39m, [32m'Bach'[39m ]
]]>
</system-out>
</testcase>
</testsuite>
</testsuites>